<?xml version="1.0" encoding="UTF-8"?>
<testng-results skipped="0" failed="0" ignored="0" total="1" passed="1">
  <reporter-output>
  </reporter-output>
  <suite name="Default suite" duration-ms="23630" started-at="2021-05-04T14:25:03 IST" finished-at="2021-05-04T14:25:27 IST">
    <groups>
    </groups>
    <test name="Default test" duration-ms="23630" started-at="2021-05-04T14:25:03 IST" finished-at="2021-05-04T14:25:27 IST">
      <class name="vagrant.weatherTestVagrant.WeatherTest">
        <test-method status="PASS" signature="setup()[pri:0, instance:vagrant.weatherTestVagrant.WeatherTest@57e1b0c]" name="setup" is-config="true" duration-ms="1432" started-at="2021-05-04T14:25:03 IST" finished-at="2021-05-04T14:25:04 IST">
          <reporter-output>
          </reporter-output>
        </test-method> <!-- setup -->
        <test-method status="PASS" signature="compareTheWheatherReportAPIandWebsite()[pri:0, instance:vagrant.weatherTestVagrant.WeatherTest@57e1b0c]" name="compareTheWheatherReportAPIandWebsite" duration-ms="21916" started-at="2021-05-04T14:25:04 IST" finished-at="2021-05-04T14:25:26 IST">
          <reporter-output>
          </reporter-output>
        </test-method> <!-- compareTheWheatherReportAPIandWebsite -->
        <test-method status="PASS" signature="tearDown()[pri:0, instance:vagrant.weatherTestVagrant.WeatherTest@57e1b0c]" name="tearDown" is-config="true" duration-ms="232" started-at="2021-05-04T14:25:26 IST" finished-at="2021-05-04T14:25:27 IST">
          <reporter-output>
          </reporter-output>
        </test-method> <!-- tearDown -->
      </class> <!-- vagrant.weatherTestVagrant.WeatherTest -->
    </test> <!-- Default test -->
  </suite> <!-- Default suite -->
</testng-results>
